2012-12-18 00:08:49,812 - [INFO] - from play in main 
Listening for HTTP on port 9000...

2012-12-18 00:08:59,296 - [INFO] - from play in play-akka.actor.default-dispatcher-3 
datasource [jdbc:h2:mem:play] bound to JNDI as DefaultDS

2012-12-18 00:09:00,140 - [INFO] - from play in play-akka.actor.default-dispatcher-3 
database [default] connected at jdbc:h2:mem:play

2012-12-18 00:09:04,375 - [ERROR] - from application in New I/O  worker #1 


! @6ckm44lcj - Internal server error, for request [GET /] ->

play.api.db.evolutions.InvalidDatabaseRevision: Database 'default' needs evolution! [An SQL script need to be run on your database.]
	at play.api.db.evolutions.EvolutionsPlugin$$anonfun$onStart$1$$anonfun$apply$1.apply$mcV$sp(Evolutions.scala:427) ~[play_2.9.1.jar:2.0.4]
	at play.api.db.evolutions.EvolutionsPlugin.withLock(Evolutions.scala:448) ~[play_2.9.1.jar:2.0.4]
	at play.api.db.evolutions.EvolutionsPlugin$$anonfun$onStart$1.apply(Evolutions.scala:414) ~[play_2.9.1.jar:2.0.4]
	at play.api.db.evolutions.EvolutionsPlugin$$anonfun$onStart$1.apply(Evolutions.scala:412) ~[play_2.9.1.jar:2.0.4]
	at scala.collection.LinearSeqOptimized$class.foreach(LinearSeqOptimized.scala:59) ~[scala-library.jar:0.11.3]
	at scala.collection.immutable.List.foreach(List.scala:45) ~[scala-library.jar:0.11.3]
	at play.api.db.evolutions.EvolutionsPlugin.onStart(Evolutions.scala:412) ~[play_2.9.1.jar:2.0.4]
	at play.api.Play$$anonfun$start$1.apply(Play.scala:60) ~[play_2.9.1.jar:2.0.4]
	at play.api.Play$$anonfun$start$1.apply(Play.scala:60) ~[play_2.9.1.jar:2.0.4]
	at scala.collection.LinearSeqOptimized$class.foreach(LinearSeqOptimized.scala:59) ~[scala-library.jar:0.11.3]
	at scala.collection.immutable.List.foreach(List.scala:45) ~[scala-library.jar:0.11.3]
	at play.api.Play$.start(Play.scala:60) ~[play_2.9.1.jar:2.0.4]
	at play.core.ReloadableApplication$$anonfun$get$1$$anonfun$apply$3$$anonfun$1.apply(ApplicationProvider.scala:125) ~[play_2.9.1.jar:2.0.4]
	at play.core.ReloadableApplication$$anonfun$get$1$$anonfun$apply$3$$anonfun$1.apply(ApplicationProvider.scala:112) ~[play_2.9.1.jar:2.0.4]
	at scala.Option.map(Option.scala:133) ~[scala-library.jar:0.11.3]
	at play.core.ReloadableApplication$$anonfun$get$1$$anonfun$apply$3.apply(ApplicationProvider.scala:112) ~[play_2.9.1.jar:2.0.4]
	at play.core.ReloadableApplication$$anonfun$get$1$$anonfun$apply$3.apply(ApplicationProvider.scala:110) ~[play_2.9.1.jar:2.0.4]
	at scala.Either$RightProjection.flatMap(Either.scala:277) ~[scala-library.jar:0.11.3]
	at play.core.ReloadableApplication$$anonfun$get$1.apply(ApplicationProvider.scala:110) ~[play_2.9.1.jar:2.0.4]
	at play.core.ReloadableApplication$$anonfun$get$1.apply(ApplicationProvider.scala:110) ~[play_2.9.1.jar:2.0.4]
	at akka.dispatch.Future$$anon$3.liftedTree1$1(Future.scala:195) ~[akka-actor.jar:2.0.2]
	at akka.dispatch.Future$$anon$3.run(Future.scala:194) ~[akka-actor.jar:2.0.2]
	at akka.dispatch.TaskInvocation.run(AbstractDispatcher.scala:94) ~[akka-actor.jar:2.0.2]
	at akka.jsr166y.ForkJoinTask$AdaptedRunnableAction.exec(ForkJoinTask.java:1381) ~[akka-actor.jar:2.0.2]
	at akka.jsr166y.ForkJoinTask.doExec(ForkJoinTask.java:259) ~[akka-actor.jar:2.0.2]
	at akka.jsr166y.ForkJoinPool$WorkQueue.runTask(ForkJoinPool.java:975) ~[akka-actor.jar:2.0.2]
	at akka.jsr166y.ForkJoinPool.runWorker(ForkJoinPool.java:1479) ~[akka-actor.jar:2.0.2]
	at akka.jsr166y.ForkJoinWorkerThread.run(ForkJoinWorkerThread.java:104) ~[akka-actor.jar:2.0.2]

2012-12-18 00:09:08,218 - [INFO] - from play in New I/O  worker #1 
datasource [jdbc:h2:mem:play] bound to JNDI as DefaultDS

2012-12-18 00:09:08,265 - [WARN] - from play in New I/O  worker #1 
Applying evolution script for database 'default':

# --- Rev:1,Ups - 87a6c23
create table login (
id                        bigint not null,
firstname                 varchar(255),
password                  varchar(255),
constraint pk_login primary key (id))
;

create table survey (
id                        bigint not null,
title                     varchar(255),
question1                 varchar(255),
answer_first1             varchar(255),
answer_first2             varchar(255),
answer_first3             varchar(255),
answer_first4             varchar(255),
right_answer_first        varchar(255),
question2                 varchar(255),
answer_sec1               varchar(255),
answer_sec2               varchar(255),
answer_sec3               varchar(255),
answer_sec4               varchar(255),
right_answer_sec          varchar(255),
question3                 varchar(255),
answer_third1             varchar(255),
answer_third2             varchar(255),
answer_third3             varchar(255),
answer_third4             varchar(255),
right_answer_third        varchar(255),
question4                 varchar(255),
answer_fourth1            varchar(255),
answer_fourth2            varchar(255),
answer_fourth3            varchar(255),
answer_fourth4            varchar(255),
right_answer_fourth       varchar(255),
question5                 varchar(255),
answer_fifth1             varchar(255),
answer_fifth2             varchar(255),
answer_fifth3             varchar(255),
answer_fifth4             varchar(255),
right_answer_fifth        varchar(255),
constraint pk_survey primary key (id))
;

create table user (
id                        bigint not null,
username                  varchar(255),
email                     varchar(255),
password                  varchar(255),
constraint pk_user primary key (id))
;

create table user_answers (
id                        bigint not null,
number                    integer,
surveytitle               varchar(255),
answer_first              varchar(255),
answer_sec                varchar(255),
answer_third              varchar(255),
answer_fourth             varchar(255),
answer_fifth              varchar(255),
constraint pk_user_answers primary key (id))
;

create sequence users_seq;

create sequence survey_seq;

create sequence user_seq;

create sequence user_answers_seq;


2012-12-18 00:09:11,859 - [INFO] - from play in play-akka.actor.default-dispatcher-3 
datasource [jdbc:h2:mem:play] bound to JNDI as DefaultDS

2012-12-18 00:09:11,875 - [INFO] - from play in play-akka.actor.default-dispatcher-3 
database [default] connected at jdbc:h2:mem:play

2012-12-18 00:09:13,859 - [INFO] - from play in play-akka.actor.default-dispatcher-3 
Application started (Dev)

2012-12-18 00:51:06,234 - [ERROR] - from application in play-akka.actor.actions-dispatcher-1 


! @6ckm44lck - Internal server error, for request [GET /editsurveys/edit/3?] ->

play.core.ActionInvoker$$anonfun$receive$1$$anon$1: Execution exception [[RuntimeException: Cannot fill a form with a null value]]
	at play.core.ActionInvoker$$anonfun$receive$1.apply(Invoker.scala:134) [play_2.9.1.jar:2.0.4]
	at play.core.ActionInvoker$$anonfun$receive$1.apply(Invoker.scala:115) [play_2.9.1.jar:2.0.4]
	at akka.actor.Actor$class.apply(Actor.scala:318) [akka-actor.jar:2.0.2]
	at play.core.ActionInvoker.apply(Invoker.scala:113) [play_2.9.1.jar:2.0.4]
	at akka.actor.ActorCell.invoke(ActorCell.scala:626) [akka-actor.jar:2.0.2]
	at akka.dispatch.Mailbox.processMailbox(Mailbox.scala:197) [akka-actor.jar:2.0.2]
	at akka.dispatch.Mailbox.run(Mailbox.scala:179) [akka-actor.jar:2.0.2]
	at akka.dispatch.ForkJoinExecutorConfigurator$MailboxExecutionTask.exec(AbstractDispatcher.scala:516) [akka-actor.jar:2.0.2]
	at akka.jsr166y.ForkJoinTask.doExec(ForkJoinTask.java:259) [akka-actor.jar:2.0.2]
	at akka.jsr166y.ForkJoinPool$WorkQueue.runTask(ForkJoinPool.java:975) [akka-actor.jar:2.0.2]
	at akka.jsr166y.ForkJoinPool.runWorker(ForkJoinPool.java:1479) [akka-actor.jar:2.0.2]
	at akka.jsr166y.ForkJoinWorkerThread.run(ForkJoinWorkerThread.java:104) [akka-actor.jar:2.0.2]
Caused by: java.lang.RuntimeException: Cannot fill a form with a null value
	at play.data.Form.fill(Form.java:270) ~[play_2.9.1.jar:2.0.4]
	at controllers.CreateSurvey.edit(CreateSurvey.java:83) ~[classes/:na]
	at Routes$$anonfun$routes$1$$anonfun$apply$29$$anonfun$apply$30.apply(routes_routing.scala:204) ~[classes/:na]
	at Routes$$anonfun$routes$1$$anonfun$apply$29$$anonfun$apply$30.apply(routes_routing.scala:204) ~[classes/:na]
	at play.core.Router$HandlerInvoker$$anon$5$$anon$1.invocation(Router.scala:1090) ~[play_2.9.1.jar:2.0.4]
	at play.core.j.JavaAction$$anon$1.call(JavaAction.scala:33) ~[play_2.9.1.jar:2.0.4]
	at play.core.j.JavaAction$class.apply(JavaAction.scala:74) ~[play_2.9.1.jar:2.0.4]
	at play.core.Router$HandlerInvoker$$anon$5$$anon$1.apply(Router.scala:1089) ~[play_2.9.1.jar:2.0.4]
	at play.core.ActionInvoker$$anonfun$receive$1$$anonfun$6.apply(Invoker.scala:126) ~[play_2.9.1.jar:2.0.4]
	at play.core.ActionInvoker$$anonfun$receive$1$$anonfun$6.apply(Invoker.scala:126) ~[play_2.9.1.jar:2.0.4]
	at play.utils.Threads$.withContextClassLoader(Threads.scala:17) ~[play_2.9.1.jar:2.0.4]
	at play.core.ActionInvoker$$anonfun$receive$1.apply(Invoker.scala:125) [play_2.9.1.jar:2.0.4]
	... 11 common frames omitted

